#
# There is insufficient memory for the Java Runtime Environment to continue.
# Native memory allocation (mmap) failed to map 132120576 bytes for Failed to commit area from 0x0000000082200000 to 0x000000008a000000 of length 132120576.
# Possible reasons:
#   The system is out of physical RAM or swap space
#   The process is running with CompressedOops enabled, and the Java Heap may be blocking the growth of the native heap
# Possible solutions:
#   Reduce memory load on the system
#   Increase physical memory or swap space
#   Check if swap backing store is full
#   Decrease Java heap size (-Xmx/-Xms)
#   Decrease number of Java threads
#   Decrease Java thread stack sizes (-Xss)
#   Set larger code cache with -XX:ReservedCodeCacheSize=
# This output file may be truncated or incomplete.
#
#  Out of Memory Error (./src/hotspot/os/windows/os_windows.cpp:3303), pid=16288, tid=1148
#
# JRE version:  (11.0.9+11) (build )
# Java VM: OpenJDK 64-Bit Server VM (11.0.9+11-b1145.21, mixed mode, sharing, tiered, compressed oops, g1 gc, windows-amd64)
# No core dump will be written. Minidumps are not enabled by default on client versions of Windows
#

---------------  S U M M A R Y ------------

Command Line: org.jetbrains.git4idea.http.GitAskPassApp Username for 'https://github.com': 

Host: Intel(R) Core(TM) i5-8250U CPU @ 1.60GHz, 8 cores, 7G,  Windows 10 , 64 bit Build 19041 (10.0.19041.1)
Time: Fri Jan  1 18:30:35 2021 中国标准时间 elapsed time: 0.034334 seconds (0d 0h 0m 0s)

---------------  T H R E A D  ---------------

Current thread (0x000001b077d1b800):  JavaThread "Unknown thread" [_thread_in_vm, id=1148, stack(0x0000006d08800000,0x0000006d08900000)]

Stack: [0x0000006d08800000,0x0000006d08900000]
Native frames: (J=compiled Java code, j=interpreted, Vv=VM code, C=native code)
V  [jvm.dll+0x5ed3ca]
V  [jvm.dll+0x722725]
V  [jvm.dll+0x723c7d]
V  [jvm.dll+0x724333]
V  [jvm.dll+0x242bd8]
V  [jvm.dll+0x5ea884]
V  [jvm.dll+0x5df995]
V  [jvm.dll+0x2fe13b]
V  [jvm.dll+0x2fe0aa]
V  [jvm.dll+0x2fdf82]
V  [jvm.dll+0x302e56]
V  [jvm.dll+0x34b583]
V  [jvm.dll+0x34bc86]
V  [jvm.dll+0x34b683]
V  [jvm.dll+0x2d8df8]
V  [jvm.dll+0x2d9f97]
V  [jvm.dll+0x701517]
V  [jvm.dll+0x702d0c]
V  [jvm.dll+0x358b39]
V  [jvm.dll+0x6e4f9e]
V  [jvm.dll+0x3c0db3]
V  [jvm.dll+0x3c2f61]
C  [jli.dll+0x5373]
C  [ucrtbase.dll+0x21542]
C  [KERNEL32.DLL+0x16fd4]
C  [ntdll.dll+0x4cf31]


---------------  P R O C E S S  ---------------

Threads class SMR info:
_java_thread_list=0x000001b075b55390, length=0, elements={
}

Java Threads: ( => current thread )

Other Threads:
  0x000001b077d34000 GCTaskThread "GC Thread#0" [stack: 0x0000006d08900000,0x0000006d08a00000] [id=1696]
  0x000001b077d66800 ConcurrentGCThread "G1 Main Marker" [stack: 0x0000006d08a00000,0x0000006d08b00000] [id=1944]
  0x000001b077d69800 ConcurrentGCThread "G1 Conc#0" [stack: 0x0000006d08b00000,0x0000006d08c00000] [id=7748]

[error occurred during error reporting (printing all threads), id 0xc0000005, EXCEPTION_ACCESS_VIOLATION (0xc0000005) at pc=0x00007ffbbe6a9397]

VM state:not at safepoint (not fully initialized)

VM Mutex/Monitor currently owned by a thread:  ([mutex/lock_event])
[0x000001b077d17630] Heap_lock - owner thread: 0x000001b077d1b800

Heap address: 0x0000000082200000, size: 2014 MB, Compressed Oops mode: Non-zero based: 0x0000000082200000
Narrow klass base: 0x0000000000000000, Narrow klass shift: 0

GC Heap History (0 events):
No events

Deoptimization events (0 events):
No events

Classes redefined (0 events):
No events

Internal exceptions (0 events):
No events

Events (1 events):
Event: 0.018 Loaded shared library C:\Program Files\JetBrains\WebStorm 2020.3\jbr\bin\zip.dll


Dynamic libraries:
0x00007ff61f6f0000 - 0x00007ff61f6fa000 	C:\Program Files\JetBrains\WebStorm 2020.3\jbr\bin\java.exe
0x00007ffc18950000 - 0x00007ffc18b44000 	C:\Windows\SYSTEM32\ntdll.dll
0x00007ffc16c80000 - 0x00007ffc16d3d000 	C:\Windows\System32\KERNEL32.DLL
0x00007ffc16090000 - 0x00007ffc16357000 	C:\Windows\System32\KERNELBASE.dll
0x00007ffc16630000 - 0x00007ffc16730000 	C:\Windows\System32\ucrtbase.dll
0x00007ffc0c750000 - 0x00007ffc0c767000 	C:\Program Files\JetBrains\WebStorm 2020.3\jbr\bin\VCRUNTIME140.dll
0x00007ffc0c6f0000 - 0x00007ffc0c709000 	C:\Program Files\JetBrains\WebStorm 2020.3\jbr\bin\jli.dll
0x00007ffc18610000 - 0x00007ffc187b0000 	C:\Windows\System32\USER32.dll
0x00007ffbfdc80000 - 0x00007ffbfdf1a000 	C:\Windows\WinSxS\amd64_microsoft.windows.common-controls_6595b64144ccf1df_6.0.19041.1_none_b555e41d4684ddec\COMCTL32.dll
0x00007ffc16730000 - 0x00007ffc16752000 	C:\Windows\System32\win32u.dll
0x00007ffc183e0000 - 0x00007ffc1847e000 	C:\Windows\System32\msvcrt.dll
0x00007ffc188e0000 - 0x00007ffc1890a000 	C:\Windows\System32\GDI32.dll
0x00007ffc16360000 - 0x00007ffc1646a000 	C:\Windows\System32\gdi32full.dll
0x00007ffc16910000 - 0x00007ffc169ad000 	C:\Windows\System32\msvcp_win.dll
0x00007ffc179c0000 - 0x00007ffc179f0000 	C:\Windows\System32\IMM32.DLL
0x00007ffbfebf0000 - 0x00007ffbfec8d000 	C:\Program Files\JetBrains\WebStorm 2020.3\jbr\bin\msvcp140.dll
0x00007ffbbe3c0000 - 0x00007ffbbee8e000 	C:\Program Files\JetBrains\WebStorm 2020.3\jbr\bin\server\jvm.dll
0x00007ffc179f0000 - 0x00007ffc17a9a000 	C:\Windows\System32\ADVAPI32.dll
0x00007ffc18220000 - 0x00007ffc182bb000 	C:\Windows\System32\sechost.dll
0x00007ffc16ad0000 - 0x00007ffc16bf3000 	C:\Windows\System32\RPCRT4.dll
0x00007ffc177e0000 - 0x00007ffc177e8000 	C:\Windows\System32\PSAPI.DLL
0x00007ffc0caa0000 - 0x00007ffc0caaa000 	C:\Windows\SYSTEM32\VERSION.dll
0x00007ffbfc500000 - 0x00007ffbfc509000 	C:\Windows\SYSTEM32\WSOCK32.dll
0x00007ffc00960000 - 0x00007ffc00987000 	C:\Windows\SYSTEM32\WINMM.dll
0x00007ffc17fe0000 - 0x00007ffc1804b000 	C:\Windows\System32\WS2_32.dll
0x00007ffc149a0000 - 0x00007ffc149b3000 	C:\Windows\SYSTEM32\kernel.appcore.dll
0x00007ffc0db10000 - 0x00007ffc0db21000 	C:\Program Files\JetBrains\WebStorm 2020.3\jbr\bin\verify.dll
0x00007ffc10d50000 - 0x00007ffc10f34000 	C:\Windows\SYSTEM32\DBGHELP.DLL
0x00007ffbf6eb0000 - 0x00007ffbf6edc000 	C:\Windows\SYSTEM32\dbgcore.DLL
0x00007ffc16840000 - 0x00007ffc168bf000 	C:\Windows\System32\bcryptPrimitives.dll
0x00007ffbec080000 - 0x00007ffbec0a9000 	C:\Program Files\JetBrains\WebStorm 2020.3\jbr\bin\java.dll
0x00007ffbfbda0000 - 0x00007ffbfbdab000 	C:\Program Files\JetBrains\WebStorm 2020.3\jbr\bin\jimage.dll
0x00007ffbc1840000 - 0x00007ffbc1858000 	C:\Program Files\JetBrains\WebStorm 2020.3\jbr\bin\zip.dll

dbghelp: loaded successfully - version: 4.0.5 - missing functions: none
symbol engine: initialized successfully - sym options: 0x614 - pdb path: .;C:\Program Files\JetBrains\WebStorm 2020.3\jbr\bin;C:\Windows\SYSTEM32;C:\Windows\WinSxS\amd64_microsoft.windows.common-controls_6595b64144ccf1df_6.0.19041.1_none_b555e41d4684ddec;C:\Program Files\JetBrains\WebStorm 2020.3\jbr\bin\server

VM Arguments:
java_command: org.jetbrains.git4idea.http.GitAskPassApp Username for 'https://github.com': 
java_class_path (initial): C:/Program Files/JetBrains/WebStorm 2020.3/plugins/git4idea/lib/git4idea-rt.jar;C:/Program Files/JetBrains/WebStorm 2020.3/lib/xmlrpc-2.0.1.jar;C:/Program Files/JetBrains/WebStorm 2020.3/lib/commons-codec-1.14.jar
Launcher Type: SUN_STANDARD

[Global flags]
     intx CICompilerCount                          = 4                                         {product} {ergonomic}
     uint ConcGCThreads                            = 2                                         {product} {ergonomic}
     uint G1ConcRefinementThreads                  = 8                                         {product} {ergonomic}
   size_t G1HeapRegionSize                         = 1048576                                   {product} {ergonomic}
    uintx GCDrainStackTargetSize                   = 64                                        {product} {ergonomic}
   size_t InitialHeapSize                          = 132120576                                 {product} {ergonomic}
   size_t MarkStackSize                            = 4194304                                   {product} {ergonomic}
   size_t MaxHeapSize                              = 2111832064                                {product} {ergonomic}
   size_t MinHeapDeltaBytes                        = 1048576                                   {product} {ergonomic}
    uintx NonNMethodCodeHeapSize                   = 5836300                                {pd product} {ergonomic}
    uintx NonProfiledCodeHeapSize                  = 122910970                              {pd product} {ergonomic}
    uintx ProfiledCodeHeapSize                     = 122910970                              {pd product} {ergonomic}
    uintx ReservedCodeCacheSize                    = 251658240                              {pd product} {ergonomic}
     bool SegmentedCodeCache                       = true                                      {product} {ergonomic}
     bool UseCompressedClassPointers               = true                                 {lp64_product} {ergonomic}
     bool UseCompressedOops                        = true                                 {lp64_product} {ergonomic}
     bool UseG1GC                                  = true                                      {product} {ergonomic}
     bool UseLargePagesIndividualAllocation        = false                                  {pd product} {ergonomic}

Logging:
Log output configuration:
 #0: stdout all=warning uptime,level,tags
 #1: stderr all=off uptime,level,tags

Environment Variables:
JAVA_HOME=D:\Java\jdk1.8.0_181
CLASSPATH=.;D:\Java\jdk1.8.0_181\lib;D:\Java\jdk1.8.0_181\lib\tools.jar
PATH=C:/Program Files/Git/mingw64/libexec/git-core;C:/Program Files/Git/mingw64/libexec/git-core;C:\Program Files\Git\mingw64\bin;C:\Program Files\Git\usr\bin;C:\Users\Administrator\bin;C:\Windows\system32;C:\Windows;C:\Windows\System32\Wbem;C:\Windows\System32\WindowsPowerShell\v1.0\;C:\Windows\System32\OpenSSH\;"D:\Java\jdk1.8.0_181\bin;D:\Java\jdk1.8.0_181\jre\bin;";C:\Program Files\Git\cmd;C:\Program Files\nodejs\;D:\Java\jdk1.8.0_181\bin;C:\Users\Administrator\AppData\Local\Microsoft\WindowsApps;C:\Program Files\Bandizip\;C:\Users\Administrator\AppData\Roaming\npm
USERNAME=Administrator
DISPLAY=:0.0
LC_ALL=en_US.UTF-8
OS=Windows_NT
PROCESSOR_IDENTIFIER=Intel64 Family 6 Model 142 Stepping 10, GenuineIntel



---------------  S Y S T E M  ---------------

OS: Windows 10 , 64 bit Build 19041 (10.0.19041.1)
OS uptime: 0 days 1:08 hours

CPU:total 8 (initial active 8) (4 cores per cpu, 2 threads per core) family 6 model 142 stepping 10, cmov, cx8, fxsr, mmx, sse, sse2, sse3, ssse3, sse4.1, sse4.2, popcnt, avx, avx2, aes, clmul, erms, 3dnowpref, lzcnt, ht, tsc, tscinvbit, bmi1, bmi2, adx, fma

Memory: 4k page, system-wide physical 8052M (1038M free)
TotalPageFile size 8052M (AvailPageFile size 81M)
current process WorkingSet (physical memory assigned to process): 10M, peak: 10M
current process commit charge ("private bytes"): 60M, peak: 186M

vm_info: OpenJDK 64-Bit Server VM (11.0.9+11-b1145.21) for windows-amd64 JRE (11.0.9+11-b1145.21), built on Nov 21 2020 14:37:09 by "" with MS VC++ 14.0 (VS2015)

END.
